2026-07-11 15:08:45 [INFO] Starting user management tool
2026-07-11 15:08:45 [SUCCESS] User alice created
2026-07-11 15:08:45 [WARNING] Password expires soon
2026-07-11 15:08:45 [ERROR] User does not exist
2026-07-11 15:42:02 [SUCCESS] User 'khine' created successfully.
2026-07-11 15:58:45 [SUCCESS] User 'min' created successfully.
2026-07-11 15:59:02 [SUCCESS] User 'htun' created successfully.
2026-07-19 15:28:49 [SUCCES] User 'htun' deleted successfully.
2026-07-19 15:32:22 [SUCCES] User 'min' deleted successfully.
2026-07-19 15:36:54 [SUCCESS] User 'alli' deleted successfully.
2026-07-19 16:03:20 [SUCCESS] User 'john' locked successfully.
2026-07-19 16:04:23 [SUCCESS] User 'john' unlocked successfully.
2026-07-19 16:10:50 [SUCCESS] User 'john' locked successfully.
2026-07-19 16:11:01 [SUCCESS] User 'john' unlocked successfully. 
2026-07-19 16:11:01 [WARNING] Now Set Password for 'john' fornew login after unlock
2026-07-20 05:02:08 [ERROR] Failed to reset password for 'john'.
2026-07-20 05:05:36 [ERROR] Failed to reset password for 'john'.
2026-07-20 05:07:49 [ERROR] Failed to reset password for 'john'.
2026-07-20 05:08:52 [SUCCESS] Password reset for user 'john'.
2026-07-20 05:10:00 [SUCCESS] Password reset for user 'john'.
